[2012-12-01 22:06:25] START
[2012-12-01 22:06:25] CREATE db_video.py: 0
[2012-12-01 23:05:23] EDIT web2video/models/db_video.py: 11
[2012-12-01 23:09:34] EDIT web2video/controllers/default.py: 3
[2012-12-01 23:13:41] EDIT web2video/models/db_video.py: 0
[2012-12-01 23:16:07] EDIT web2video/models/db_video.py: 0
[2012-12-02 00:11:26] CREATE default/list.html: 0
[2012-12-02 00:13:27] EDIT web2video/views/default/list.html: 4
[2012-12-02 00:13:43] EDIT web2video/controllers/default.py: 3
[2012-12-02 00:14:41] EDIT web2video/models/db_video.py: 0
[2012-12-02 00:15:26] EDIT web2video/models/db_video.py: 2
[2012-12-02 00:15:50] EDIT web2video/controllers/default.py: 0
[2012-12-02 00:16:33] EDIT web2video/views/default/list.html: 1
[2012-12-02 00:17:47] EDIT web2video/controllers/default.py: 4
[2012-12-02 00:21:16] EDIT web2video/controllers/default.py: 4
[2012-12-02 00:21:26] EDIT web2video/models/db_video.py: -2
[2012-12-02 00:23:41] EDIT web2video/controllers/default.py: 0
[2012-12-02 00:25:21] CREATE default/show.html: 0
[2012-12-02 00:25:47] EDIT web2video/views/default/show.html: 45
[2012-12-02 00:26:39] EDIT web2video/controllers/default.py: 18
[2012-12-02 00:27:20] EDIT web2video/controllers/default.py: 0
[2012-12-02 00:32:19] EDIT web2video/controllers/default.py: 1
[2012-12-02 00:32:31] EDIT web2video/controllers/default.py: 0
[2012-12-02 00:32:41] EDIT web2video/controllers/default.py: 0
[2012-12-02 00:40:48] EDIT web2video/controllers/default.py: 1
[2012-12-02 00:43:01] EDIT web2video/views/default/show.html: 0
[2012-12-02 00:43:46] EDIT web2video/controllers/default.py: 5
[2012-12-02 00:44:01] EDIT web2video/controllers/default.py: 0
[2012-12-02 00:44:41] EDIT web2video/views/default/show.html: 1
[2012-12-02 00:45:19] EDIT web2video/controllers/default.py: 0
[2012-12-02 00:45:45] EDIT web2video/controllers/default.py: 0
[2012-12-02 00:50:38] EDIT web2video/controllers/default.py: 0
[2012-12-02 00:51:12] EDIT web2video/controllers/default.py: 0
[2012-12-02 00:51:36] EDIT web2video/controllers/default.py: 0
[2012-12-02 00:52:58] EDIT web2video/controllers/default.py: 0
[2012-12-02 00:56:09] EDIT web2video/controllers/default.py: 0
[2012-12-02 00:56:25] EDIT web2video/controllers/default.py: 0
[2012-12-02 00:57:02] EDIT web2video/controllers/default.py: 0
[2012-12-02 01:21:01] EDIT web2video/controllers/default.py: 14
[2012-12-02 01:21:20] EDIT web2video/models/db_video.py: 7
[2012-12-02 01:21:49] CREATE default/slides.html: 0
[2012-12-02 01:23:23] EDIT web2video/views/default/slides.html: 5
[2012-12-02 01:23:45] EDIT web2video/controllers/default.py: 0
[2012-12-02 01:24:31] EDIT web2video/controllers/default.py: 1
[2012-12-02 01:25:13] EDIT web2video/models/db_video.py: 1
[2012-12-02 01:25:46] EDIT web2video/controllers/default.py: 0
[2012-12-02 01:26:10] EDIT web2video/models/db_video.py: 0
[2012-12-02 01:26:24] EDIT web2video/controllers/default.py: 0
[2012-12-02 01:26:40] EDIT web2video/controllers/default.py: 0
[2012-12-02 01:28:23] EDIT web2video/models/db_video.py: 1
[2012-12-02 01:29:45] EDIT web2video/models/db_video.py: 0
[2012-12-02 01:31:26] EDIT web2video/controllers/default.py: 0
[2012-12-02 01:32:16] EDIT web2video/views/default/slides.html: 0
[2012-12-02 01:34:13] EDIT web2video/models/db_video.py: 0
[2012-12-02 01:35:55] EDIT web2video/views/default/show.html: 8
[2012-12-02 01:38:15] EDIT web2video/controllers/default.py: 0
[2012-12-02 01:38:43] EDIT web2video/views/default/show.html: -8
[2012-12-02 01:41:32] EDIT web2video/controllers/default.py: 7
[2012-12-02 01:41:50] EDIT web2video/controllers/default.py: 0
[2012-12-02 01:42:03] EDIT web2video/controllers/default.py: 0
[2012-12-02 01:43:30] EDIT web2video/controllers/default.py: 0
[2012-12-02 01:44:02] EDIT web2video/controllers/default.py: 0
[2012-12-02 01:47:09] EDIT web2video/controllers/default.py: 0
[2012-12-02 02:41:04] EDIT web2video/models/db_video.py: 0
[2012-12-02 02:43:40] EDIT web2video/models/db_video.py: 0
[2012-12-02 02:48:45] EDIT web2video/controllers/default.py: 2
[2012-12-02 02:49:12] EDIT web2video/controllers/default.py: 0
[2012-12-02 21:54:08] EDIT web2video/models/db_video.py: 8
[2012-12-02 21:55:22] EDIT web2video/models/db_video.py: -2
[2012-12-02 21:58:09] EDIT web2video/controllers/default.py: 4
[2012-12-02 21:58:25] EDIT web2video/models/db_video.py: 0
[2012-12-02 22:04:48] EDIT web2video/controllers/default.py: 0
[2012-12-02 22:23:02] EDIT web2video/models/db_video.py: 0
[2012-12-02 22:23:45] CREATE default/subtitles.html: 0
[2012-12-02 22:24:12] EDIT web2video/views/default/subtitles.html: 5
[2012-12-02 22:25:15] EDIT web2video/views/default/subtitles.html: 0
[2012-12-02 22:26:13] EDIT web2video/controllers/default.py: 0
[2012-12-02 22:27:33] EDIT web2video/controllers/default.py: 0
[2012-12-02 22:28:20] EDIT web2video/controllers/default.py: 0
